2016-10-18 01:04:57 ERROR TwitterOnDemandFeedProcessor:44 - Getting Tweets...
2016-10-18 01:04:58 ERROR TwitterOnDemandFeedProcessor:65 - Got Tweets...
2016-10-18 01:05:35 ERROR TwitterOnDemandFeedProcessor:42 - Getting Tweets...
2016-10-18 01:05:36 ERROR TwitterOnDemandFeedProcessor:63 - Got Tweets...
2016-10-18 01:06:28 ERROR TwitterOnDemandFeedProcessor:42 - Getting Tweets...
2016-10-18 01:06:29 ERROR TwitterOnDemandFeedProcessor:63 - Got Tweets...
2016-10-18 01:07:06 ERROR TwitterOnDemandFeedProcessor:42 - Getting Tweets...
2016-10-18 01:07:07 ERROR TwitterOnDemandFeedProcessor:63 - Got Tweets...
2016-10-18 09:03:55 ERROR TwitterOnDemandFeedProcessor:42 - Getting Tweets...
2016-10-18 09:03:57 ERROR TwitterOnDemandFeedProcessor:63 - Got Tweets...
2016-10-18 14:03:58 ERROR TwitterOnDemandFeedProcessor:43 - Getting Tweets...
2016-10-18 14:03:59 ERROR TwitterOnDemandFeedProcessor:64 - Got Tweets...
2016-10-18 14:18:42 ERROR TwitterOnDemandFeedProcessor:43 - Getting Tweets...
2016-10-18 14:18:44 ERROR TwitterOnDemandFeedProcessor:64 - Got Tweets...
2016-10-18 14:58:47 ERROR TwitterStreamingProcessor:39 - setting location
2016-10-18 14:59:08 ERROR TwitterStreamingProcessor:39 - setting location:[[D@19451392
2016-10-18 15:09:54 ERROR TwitterStreamingProcessor:39 - setting location:[[D@6428c5d6
2016-10-18 15:12:33 ERROR TwitterStatusListenerImpl:23 - TwitterStatusListenerImpl constructor...
2016-10-18 15:12:33 ERROR TwitterStreamingProcessor:39 - setting location:[[D@faaf84c
2016-10-18 15:16:33 ERROR TwitterStatusListenerImpl:23 - TwitterStatusListenerImpl constructor...
2016-10-18 15:16:33 ERROR TwitterStreamingProcessor:39 - setting location:[[D@69e0b7a2
2016-10-18 15:19:01 ERROR TwitterStatusListenerImpl:23 - TwitterStatusListenerImpl constructor...
2016-10-18 15:19:01 ERROR TwitterStreamingProcessor:40 - setting location:[[D@4580deea
2016-10-18 15:47:28 ERROR TwitterStatusListenerImpl:23 - TwitterStatusListenerImpl constructor...
2016-10-18 15:47:28 ERROR TwitterStreamingProcessor:40 - setting location:[[D@4580deea
2016-10-18 15:47:59 ERROR TwitterStatusListenerImpl:23 - TwitterStatusListenerImpl constructor...
2016-10-18 15:48:02 ERROR TwitterStatusListenerImpl:49 - onStatus call...
2016-10-18 15:48:02 ERROR TwitterStatusListenerImpl:61 - Saving Tweet
2016-10-18 15:48:04 ERROR TwitterStatusListenerImpl:49 - onStatus call...
2016-10-18 15:48:04 ERROR TwitterStatusListenerImpl:61 - Saving Tweet
2016-10-18 15:48:05 ERROR TwitterStatusListenerImpl:49 - onStatus call...
2016-10-18 15:48:05 ERROR TwitterStatusListenerImpl:61 - Saving Tweet
2016-10-18 15:48:05 ERROR TwitterStatusListenerImpl:49 - onStatus call...
2016-10-18 15:48:05 ERROR TwitterStatusListenerImpl:61 - Saving Tweet
2016-10-18 15:48:05 ERROR TwitterStatusListenerImpl:49 - onStatus call...
2016-10-18 15:48:05 ERROR TwitterStatusListenerImpl:61 - Saving Tweet
2016-10-18 15:48:05 ERROR TwitterStatusListenerImpl:49 - onStatus call...
2016-10-18 15:48:05 ERROR TwitterStatusListenerImpl:61 - Saving Tweet
2016-10-18 15:48:06 ERROR TwitterStatusListenerImpl:49 - onStatus call...
2016-10-18 15:48:06 ERROR TwitterStatusListenerImpl:61 - Saving Tweet
2016-10-18 15:48:09 ERROR TwitterStatusListenerImpl:49 - onStatus call...
2016-10-18 15:48:09 ERROR TwitterStatusListenerImpl:61 - Saving Tweet
2016-10-18 15:48:09 ERROR TwitterStatusListenerImpl:49 - onStatus call...
2016-10-18 15:48:09 ERROR TwitterStatusListenerImpl:61 - Saving Tweet
2016-10-18 15:48:09 ERROR TwitterStatusListenerImpl:49 - onStatus call...
2016-10-18 15:48:09 ERROR TwitterStatusListenerImpl:61 - Saving Tweet
2016-10-18 15:48:09 ERROR TwitterStatusListenerImpl:49 - onStatus call...
2016-10-18 15:48:09 ERROR TwitterStatusListenerImpl:61 - Saving Tweet
2016-10-18 15:48:11 ERROR TwitterStatusListenerImpl:49 - onStatus call...
2016-10-18 15:48:11 ERROR TwitterStatusListenerImpl:61 - Saving Tweet
2016-10-18 15:48:13 ERROR TwitterStatusListenerImpl:49 - onStatus call...
2016-10-18 15:48:13 ERROR TwitterStatusListenerImpl:61 - Saving Tweet
2016-10-18 15:48:13 ERROR TwitterStatusListenerImpl:49 - onStatus call...
2016-10-18 15:48:13 ERROR TwitterStatusListenerImpl:61 - Saving Tweet
2016-10-18 15:48:13 ERROR TwitterStatusListenerImpl:49 - onStatus call...
2016-10-18 15:48:13 ERROR TwitterStatusListenerImpl:61 - Saving Tweet
2016-10-18 15:48:14 ERROR TwitterStatusListenerImpl:49 - onStatus call...
2016-10-18 15:48:14 ERROR TwitterStatusListenerImpl:61 - Saving Tweet
2016-10-18 15:48:19 ERROR TwitterStatusListenerImpl:49 - onStatus call...
2016-10-18 15:48:19 ERROR TwitterStatusListenerImpl:61 - Saving Tweet
2016-10-18 15:48:21 ERROR TwitterStatusListenerImpl:49 - onStatus call...
2016-10-18 15:48:21 ERROR TwitterStatusListenerImpl:61 - Saving Tweet
2016-10-18 15:48:21 ERROR TwitterStatusListenerImpl:49 - onStatus call...
2016-10-18 15:48:21 ERROR TwitterStatusListenerImpl:61 - Saving Tweet
2016-10-18 15:48:21 ERROR TwitterStatusListenerImpl:49 - onStatus call...
2016-10-18 15:48:21 ERROR TwitterStatusListenerImpl:61 - Saving Tweet
2016-10-18 15:48:23 ERROR TwitterStatusListenerImpl:49 - onStatus call...
2016-10-18 15:48:23 ERROR TwitterStatusListenerImpl:61 - Saving Tweet
2016-10-18 15:48:24 ERROR TwitterStatusListenerImpl:49 - onStatus call...
2016-10-18 15:48:24 ERROR TwitterStatusListenerImpl:61 - Saving Tweet
2016-10-18 15:48:26 ERROR TwitterStatusListenerImpl:49 - onStatus call...
2016-10-18 15:48:26 ERROR TwitterStatusListenerImpl:61 - Saving Tweet
2016-10-18 15:48:29 ERROR TwitterStatusListenerImpl:49 - onStatus call...
2016-10-18 15:48:29 ERROR TwitterStatusListenerImpl:61 - Saving Tweet
2016-10-18 15:48:30 ERROR TwitterStatusListenerImpl:49 - onStatus call...
2016-10-18 15:48:30 ERROR TwitterStatusListenerImpl:61 - Saving Tweet
2016-10-18 15:48:30 ERROR TwitterStatusListenerImpl:49 - onStatus call...
2016-10-18 15:48:30 ERROR TwitterStatusListenerImpl:61 - Saving Tweet
2016-10-18 15:48:30 ERROR TwitterStatusListenerImpl:49 - onStatus call...
2016-10-18 15:48:30 ERROR TwitterStatusListenerImpl:61 - Saving Tweet
2016-10-18 15:48:30 ERROR TwitterStatusListenerImpl:49 - onStatus call...
2016-10-18 15:48:30 ERROR TwitterStatusListenerImpl:61 - Saving Tweet
2016-10-18 15:48:32 ERROR TwitterStatusListenerImpl:49 - onStatus call...
2016-10-18 15:48:32 ERROR TwitterStatusListenerImpl:61 - Saving Tweet
2016-10-18 15:48:33 ERROR TwitterStatusListenerImpl:49 - onStatus call...
2016-10-18 15:48:33 ERROR TwitterStatusListenerImpl:61 - Saving Tweet
2016-10-18 15:48:33 ERROR TwitterStatusListenerImpl:49 - onStatus call...
2016-10-18 15:48:33 ERROR TwitterStatusListenerImpl:61 - Saving Tweet
2016-10-18 15:48:34 ERROR TwitterStatusListenerImpl:49 - onStatus call...
2016-10-18 15:48:34 ERROR TwitterStatusListenerImpl:61 - Saving Tweet
2016-10-18 15:48:35 ERROR TwitterStatusListenerImpl:49 - onStatus call...
2016-10-18 15:48:35 ERROR TwitterStatusListenerImpl:61 - Saving Tweet
2016-10-18 15:48:35 ERROR TwitterStatusListenerImpl:49 - onStatus call...
2016-10-18 15:48:35 ERROR TwitterStatusListenerImpl:61 - Saving Tweet
2016-10-18 15:48:37 ERROR TwitterStatusListenerImpl:49 - onStatus call...
2016-10-18 15:48:37 ERROR TwitterStatusListenerImpl:61 - Saving Tweet
2016-10-18 15:48:39 ERROR TwitterStatusListenerImpl:49 - onStatus call...
2016-10-18 15:48:39 ERROR TwitterStatusListenerImpl:61 - Saving Tweet
2016-10-18 15:48:41 ERROR TwitterStatusListenerImpl:49 - onStatus call...
2016-10-18 15:48:41 ERROR TwitterStatusListenerImpl:61 - Saving Tweet
2016-10-18 15:48:42 ERROR TwitterStatusListenerImpl:49 - onStatus call...
2016-10-18 15:48:42 ERROR TwitterStatusListenerImpl:61 - Saving Tweet
2016-10-18 15:48:49 ERROR TwitterStatusListenerImpl:49 - onStatus call...
2016-10-18 15:48:49 ERROR TwitterStatusListenerImpl:61 - Saving Tweet
2016-10-18 15:48:51 ERROR TwitterStatusListenerImpl:49 - onStatus call...
2016-10-18 15:48:51 ERROR TwitterStatusListenerImpl:61 - Saving Tweet
2016-10-18 15:48:53 ERROR TwitterStatusListenerImpl:49 - onStatus call...
2016-10-18 15:48:53 ERROR TwitterStatusListenerImpl:61 - Saving Tweet
2016-10-18 15:48:55 ERROR TwitterStatusListenerImpl:49 - onStatus call...
2016-10-18 15:48:55 ERROR TwitterStatusListenerImpl:61 - Saving Tweet
2016-10-18 15:48:59 ERROR TwitterStatusListenerImpl:49 - onStatus call...
2016-10-18 15:48:59 ERROR TwitterStatusListenerImpl:61 - Saving Tweet
2016-10-18 15:48:59 ERROR TwitterStatusListenerImpl:49 - onStatus call...
2016-10-18 15:48:59 ERROR TwitterStatusListenerImpl:61 - Saving Tweet
2016-10-18 15:49:00 ERROR TwitterStatusListenerImpl:49 - onStatus call...
2016-10-18 15:49:00 ERROR TwitterStatusListenerImpl:61 - Saving Tweet
2016-10-18 15:49:01 ERROR TwitterStatusListenerImpl:49 - onStatus call...
2016-10-18 15:49:01 ERROR TwitterStatusListenerImpl:61 - Saving Tweet
2016-10-18 15:49:04 ERROR TwitterStatusListenerImpl:49 - onStatus call...
2016-10-18 15:49:04 ERROR TwitterStatusListenerImpl:61 - Saving Tweet
2016-10-18 15:49:05 ERROR TwitterStatusListenerImpl:49 - onStatus call...
2016-10-18 15:49:05 ERROR TwitterStatusListenerImpl:61 - Saving Tweet
2016-10-18 15:49:06 ERROR TwitterStatusListenerImpl:49 - onStatus call...
2016-10-18 15:49:06 ERROR TwitterStatusListenerImpl:61 - Saving Tweet
2016-10-18 15:49:14 ERROR TwitterStatusListenerImpl:49 - onStatus call...
2016-10-18 15:49:14 ERROR TwitterStatusListenerImpl:61 - Saving Tweet
2016-10-18 15:49:14 ERROR TwitterStatusListenerImpl:49 - onStatus call...
2016-10-18 15:49:14 ERROR TwitterStatusListenerImpl:61 - Saving Tweet
2016-10-18 15:49:19 ERROR TwitterStatusListenerImpl:49 - onStatus call...
2016-10-18 15:49:19 ERROR TwitterStatusListenerImpl:61 - Saving Tweet
2016-10-18 15:49:23 ERROR TwitterStatusListenerImpl:49 - onStatus call...
2016-10-18 15:49:23 ERROR TwitterStatusListenerImpl:61 - Saving Tweet
2016-10-18 15:49:28 ERROR TwitterStatusListenerImpl:49 - onStatus call...
2016-10-18 15:49:28 ERROR TwitterStatusListenerImpl:61 - Saving Tweet
2016-10-18 15:49:28 ERROR TwitterStatusListenerImpl:49 - onStatus call...
2016-10-18 15:49:28 ERROR TwitterStatusListenerImpl:61 - Saving Tweet
2016-10-18 15:49:28 ERROR TwitterStatusListenerImpl:49 - onStatus call...
2016-10-18 15:49:28 ERROR TwitterStatusListenerImpl:61 - Saving Tweet
2016-10-18 15:49:31 ERROR TwitterStatusListenerImpl:49 - onStatus call...
2016-10-18 15:49:31 ERROR TwitterStatusListenerImpl:61 - Saving Tweet
2016-10-18 15:49:35 ERROR TwitterStatusListenerImpl:49 - onStatus call...
2016-10-18 15:49:35 ERROR TwitterStatusListenerImpl:61 - Saving Tweet
2016-10-18 15:49:35 ERROR TwitterStatusListenerImpl:49 - onStatus call...
2016-10-18 15:49:35 ERROR TwitterStatusListenerImpl:61 - Saving Tweet
2016-10-18 15:49:37 ERROR TwitterStatusListenerImpl:49 - onStatus call...
2016-10-18 15:49:37 ERROR TwitterStatusListenerImpl:61 - Saving Tweet
2016-10-18 15:49:37 ERROR TwitterStatusListenerImpl:49 - onStatus call...
2016-10-18 15:49:37 ERROR TwitterStatusListenerImpl:61 - Saving Tweet
2016-10-18 15:49:41 ERROR TwitterStatusListenerImpl:49 - onStatus call...
2016-10-18 15:49:41 ERROR TwitterStatusListenerImpl:61 - Saving Tweet
2016-10-18 15:49:42 ERROR TwitterStatusListenerImpl:49 - onStatus call...
2016-10-18 15:49:42 ERROR TwitterStatusListenerImpl:61 - Saving Tweet
2016-10-18 15:49:42 ERROR TwitterStatusListenerImpl:49 - onStatus call...
2016-10-18 15:49:42 ERROR TwitterStatusListenerImpl:61 - Saving Tweet
2016-10-18 15:49:42 ERROR TwitterStatusListenerImpl:49 - onStatus call...
2016-10-18 15:49:42 ERROR TwitterStatusListenerImpl:61 - Saving Tweet
2016-10-18 15:49:50 ERROR TwitterStatusListenerImpl:49 - onStatus call...
2016-10-18 15:49:50 ERROR TwitterStatusListenerImpl:61 - Saving Tweet
2016-10-18 15:49:51 ERROR TwitterStatusListenerImpl:49 - onStatus call...
2016-10-18 15:49:51 ERROR TwitterStatusListenerImpl:61 - Saving Tweet
2016-10-18 15:49:55 ERROR TwitterStatusListenerImpl:49 - onStatus call...
2016-10-18 15:49:55 ERROR TwitterStatusListenerImpl:61 - Saving Tweet
2016-10-18 15:49:57 ERROR TwitterStatusListenerImpl:49 - onStatus call...
2016-10-18 15:49:57 ERROR TwitterStatusListenerImpl:61 - Saving Tweet
2016-10-18 15:50:02 ERROR TwitterStatusListenerImpl:49 - onStatus call...
2016-10-18 15:50:02 ERROR TwitterStatusListenerImpl:61 - Saving Tweet
2016-10-18 15:50:34 ERROR TwitterStatusListenerImpl:23 - TwitterStatusListenerImpl constructor...
2016-10-18 16:00:23 ERROR TwitterOnDemandFeedProcessor:45 - Getting Tweets...
2016-10-18 16:00:24 ERROR TwitterOnDemandFeedProcessor:66 - Got Tweets...
2016-10-18 16:01:22 ERROR TwitterOnDemandFeedProcessor:45 - Getting Tweets...
2016-10-18 16:01:23 ERROR TwitterOnDemandFeedProcessor:66 - Got Tweets...
2016-10-18 16:18:30 ERROR TwitterOnDemandFeedProcessor:45 - Getting Tweets...
2016-10-18 16:23:44 ERROR TwitterOnDemandFeedProcessor:45 - Getting Tweets...
2016-10-18 16:25:06 ERROR TwitterOnDemandFeedProcessor:45 - Getting Tweets...
2016-10-18 16:51:35 ERROR TwitterOnDemandFeedProcessor:45 - Getting Tweets...
2016-10-18 16:51:36 ERROR TwitterOnDemandFeedProcessor:71 - Got Tweets...
2016-10-18 16:52:03 ERROR TwitterOnDemandFeedProcessor:45 - Getting Tweets...
2016-10-18 16:52:04 ERROR TwitterOnDemandFeedProcessor:71 - Got Tweets...
2016-10-18 16:52:21 ERROR TwitterOnDemandFeedProcessor:45 - Getting Tweets...
2016-10-18 16:52:23 ERROR TwitterOnDemandFeedProcessor:71 - Got Tweets...
2016-10-18 16:52:47 ERROR TwitterOnDemandFeedProcessor:45 - Getting Tweets...
2016-10-18 16:52:48 ERROR TwitterOnDemandFeedProcessor:71 - Got Tweets...
2016-10-18 16:53:26 ERROR TwitterOnDemandFeedProcessor:45 - Getting Tweets...
2016-10-18 16:53:27 ERROR TwitterOnDemandFeedProcessor:71 - Got Tweets...
2016-10-18 16:54:00 ERROR TwitterOnDemandFeedProcessor:45 - Getting Tweets...
2016-10-18 16:54:01 ERROR TwitterOnDemandFeedProcessor:71 - Got Tweets...
2016-10-18 16:54:43 ERROR TwitterOnDemandFeedProcessor:45 - Getting Tweets...
2016-10-18 16:54:44 ERROR TwitterOnDemandFeedProcessor:74 - Got Tweets...
2016-10-18 16:57:58 ERROR TwitterOnDemandFeedProcessor:45 - Getting Tweets...
2016-10-18 16:57:59 ERROR TwitterOnDemandFeedProcessor:74 - Got Tweets...
2016-10-18 16:58:39 ERROR TwitterOnDemandFeedProcessor:45 - Getting Tweets...
2016-10-18 16:58:41 ERROR TwitterOnDemandFeedProcessor:74 - Got Tweets...
2016-10-18 16:58:57 ERROR TwitterOnDemandFeedProcessor:45 - Getting Tweets...
2016-10-18 16:58:58 ERROR TwitterOnDemandFeedProcessor:74 - Got Tweets...
2016-10-18 17:09:57 ERROR TwitterOnDemandFeedProcessor:45 - Getting Tweets...
2016-10-18 17:09:59 ERROR TwitterOnDemandFeedProcessor:74 - Got Tweets...
2016-10-18 17:10:59 ERROR TwitterOnDemandFeedProcessor:45 - Getting Tweets...
2016-10-18 17:11:00 ERROR TwitterOnDemandFeedProcessor:74 - Got Tweets...
2016-10-18 17:14:54 ERROR TwitterOnDemandFeedProcessor:45 - Getting Tweets...
2016-10-18 17:14:55 ERROR TwitterOnDemandFeedProcessor:74 - Got Tweets...
2016-10-18 17:17:13 ERROR TwitterOnDemandFeedProcessor:45 - Getting Tweets...
2016-10-18 19:55:40 ERROR TwitterOnDemandFeedProcessor:45 - Getting Tweets...
2016-10-18 19:55:41 ERROR TwitterOnDemandFeedProcessor:66 - Got Tweets...
2016-10-18 20:00:37 ERROR TwitterOnDemandFeedProcessor:46 - Getting Tweets...
2016-10-18 20:00:38 ERROR TwitterOnDemandFeedProcessor:89 - state should be: writes is not an empty list
2016-10-18 20:01:25 ERROR TwitterOnDemandFeedProcessor:46 - Getting Tweets...
2016-10-18 20:01:26 ERROR TwitterOnDemandFeedProcessor:67 - Got Tweets...
2016-10-18 20:01:49 ERROR TwitterOnDemandFeedProcessor:46 - Getting Tweets...
2016-10-18 20:01:50 ERROR TwitterOnDemandFeedProcessor:67 - Got Tweets...
2016-10-18 20:02:40 ERROR TwitterOnDemandFeedProcessor:46 - Getting Tweets...
2016-10-18 20:02:40 ERROR TwitterOnDemandFeedProcessor:67 - Got Tweets...
2016-10-18 20:03:12 ERROR TwitterOnDemandFeedProcessor:46 - Getting Tweets...
2016-10-18 20:03:13 ERROR TwitterOnDemandFeedProcessor:67 - Got Tweets...
2016-10-18 20:03:37 ERROR TwitterOnDemandFeedProcessor:46 - Getting Tweets...
2016-10-18 20:03:38 ERROR TwitterOnDemandFeedProcessor:67 - Got Tweets...
2016-10-18 21:25:58 ERROR TwitterStatusListenerImpl:23 - TwitterStatusListenerImpl constructor...
2016-10-18 21:26:23 ERROR TwitterStatusListenerImpl:23 - TwitterStatusListenerImpl constructor...
2016-10-18 21:26:28 ERROR TwitterStatusListenerImpl:49 - onStatus call...
2016-10-18 21:26:28 ERROR TwitterStatusListenerImpl:61 - Saving Tweet
2016-10-18 21:26:35 ERROR TwitterStatusListenerImpl:49 - onStatus call...
2016-10-18 21:26:35 ERROR TwitterStatusListenerImpl:61 - Saving Tweet
2016-10-18 21:26:35 ERROR TwitterStatusListenerImpl:49 - onStatus call...
2016-10-18 21:26:35 ERROR TwitterStatusListenerImpl:61 - Saving Tweet
2016-10-18 21:26:37 ERROR TwitterStatusListenerImpl:49 - onStatus call...
2016-10-18 21:26:37 ERROR TwitterStatusListenerImpl:61 - Saving Tweet
2016-10-18 21:26:38 ERROR TwitterStatusListenerImpl:49 - onStatus call...
2016-10-18 21:26:38 ERROR TwitterStatusListenerImpl:61 - Saving Tweet
2016-10-18 21:26:39 ERROR TwitterStatusListenerImpl:49 - onStatus call...
2016-10-18 21:26:39 ERROR TwitterStatusListenerImpl:61 - Saving Tweet
2016-10-18 21:26:40 ERROR TwitterStatusListenerImpl:49 - onStatus call...
2016-10-18 21:26:40 ERROR TwitterStatusListenerImpl:61 - Saving Tweet
2016-10-18 21:26:41 ERROR TwitterStatusListenerImpl:49 - onStatus call...
2016-10-18 21:26:41 ERROR TwitterStatusListenerImpl:61 - Saving Tweet
2016-10-18 21:26:41 ERROR TwitterStatusListenerImpl:49 - onStatus call...
2016-10-18 21:26:41 ERROR TwitterStatusListenerImpl:61 - Saving Tweet
2016-10-18 21:26:42 ERROR TwitterStatusListenerImpl:49 - onStatus call...
2016-10-18 21:26:42 ERROR TwitterStatusListenerImpl:61 - Saving Tweet
2016-10-18 21:26:43 ERROR TwitterStatusListenerImpl:49 - onStatus call...
2016-10-18 21:26:43 ERROR TwitterStatusListenerImpl:61 - Saving Tweet
2016-10-18 21:57:44 ERROR TwitterFeedCustomProcessor:53 - Getting Tweets...
2016-10-18 22:01:42 ERROR TwitterFeedCustomProcessor:53 - Getting Tweets...
2016-10-18 22:04:02 ERROR TwitterFeedCustomProcessor:53 - Getting Tweets...
2016-10-18 22:05:54 ERROR TwitterFeedCustomProcessor:53 - Getting Tweets...
2016-10-18 22:08:30 ERROR TwitterFeedCustomProcessor:53 - Getting Tweets...
2016-10-18 22:16:13 ERROR TwitterFeedCustomProcessor:53 - Getting Tweets...
2016-10-18 22:16:15 ERROR TwitterFeedCustomProcessor:74 - Got Tweets...
2016-10-19 01:15:21 ERROR TwitterFeedCustomProcessor:79 - Getting Tweets...
2016-10-19 01:15:23 ERROR TwitterFeedApp:58 - 535-5.7.8 Username and Password not accepted. Learn more at
535 5.7.8  https://support.google.com/mail/?p=BadCredentials h185sm30923080pfe.35 - gsmtp

2016-10-19 01:15:53 ERROR TwitterFeedCustomProcessor:79 - Getting Tweets...
2016-10-19 01:15:54 ERROR TwitterFeedApp:58 - 535-5.7.8 Username and Password not accepted. Learn more at
535 5.7.8  https://support.google.com/mail/?p=BadCredentials t128sm48239153pfd.65 - gsmtp

2016-10-19 01:16:48 ERROR TwitterFeedCustomProcessor:79 - Getting Tweets...
2016-10-19 01:17:45 ERROR TwitterFeedCustomProcessor:79 - Getting Tweets...
2016-10-19 01:19:56 ERROR TwitterFeedCustomProcessor:79 - Getting Tweets...
2016-10-19 01:20:39 ERROR TwitterFeedCustomProcessor:79 - Getting Tweets...
